canu/1.8 has the useGrid option default set to useGrid=false. This can be overriden by another configuration file or a command-line option.
-- Canu 1.8
--
-- CITATIONS
--
-- Koren S, Walenz BP, Berlin K, Miller JR, Phillippy AM.
-- Canu: scalable and accurate long-read assembly via adaptive k-mer weighting and repeat separation.
-- Genome Res. 2017 May;27(5):722-736.
-- http://doi.org/10.1101/gr.215087.116
-- 
-- Koren S, Rhie A, Walenz BP, Dilthey AT, Bickhart DM, Kingan SB, Hiendleder S, Williams JL, Smith TPL, Phillippy AM.
-- De novo assembly of haplotype-resolved genomes with trio binning.
-- Nat Biotechnol. 2018
-- https//doi.org/10.1038/nbt.4277
-- 
-- Read and contig alignments during correction, consensus and GFA building use:
--   Šošic M, Šikic M.
--   Edlib: a C/C ++ library for fast, exact sequence alignment using edit distance.
--   Bioinformatics. 2017 May 1;33(9):1394-1395.
--   http://doi.org/10.1093/bioinformatics/btw753
-- 
-- Overlaps are generated using:
--   Berlin K, et al.
--   Assembling large genomes with single-molecule sequencing and locality-sensitive hashing.
--   Nat Biotechnol. 2015 Jun;33(6):623-30.
--   http://doi.org/10.1038/nbt.3238
-- 
--   Myers EW, et al.
--   A Whole-Genome Assembly of Drosophila.
--   Science. 2000 Mar 24;287(5461):2196-204.
--   http://doi.org/10.1126/science.287.5461.2196
-- 
-- Corrected read consensus sequences are generated using an algorithm derived from FALCON-sense:
--   Chin CS, et al.
--   Phased diploid genome assembly with single-molecule real-time sequencing.
--   Nat Methods. 2016 Dec;13(12):1050-1054.
--   http://doi.org/10.1038/nmeth.4035
-- 
-- Contig consensus sequences are generated using an algorithm derived from pbdagcon:
--   Chin CS, et al.
--   Nonhybrid, finished microbial genome assemblies from long-read SMRT sequencing data.
--   Nat Methods. 2013 Jun;10(6):563-9
--   http://doi.org/10.1038/nmeth.2474
-- 
-- CONFIGURE CANU
--
-- Detected Java(TM) Runtime Environment '1.8.0_151' (from '/sw/comp/java/x86_64/sun_jdk1.8.0_151/bin/java') with -d64 support.
-- Detected gnuplot version '4.6 patchlevel 2   ' (from 'gnuplot') and image format 'png'.
-- Detected 16 CPUs and 126 gigabytes of memory.
-- Limited to 4 CPUs from maxThreads option.
-- Detected Slurm with 'sinfo' binary in /usr/bin/sinfo.
-- Grid engine disabled per useGrid=false option.
--
--                            (tag)Concurrency
--                     (tag)Threads          |
--            (tag)Memory         |          |
--        (tag)         |         |          |     total usage     algorithm
--        -------  ------  --------   --------  -----------------  -----------------------------
-- Local: meryl     12 GB    4 CPUs x   1 job     12 GB    4 CPUs  (k-mer counting)
-- Local: hap        8 GB    4 CPUs x   1 job      8 GB    4 CPUs  (read-to-haplotype assignment)
-- Local: cormhap    6 GB    4 CPUs x   1 job      6 GB    4 CPUs  (overlap detection with mhap)
-- Local: obtovl     4 GB    4 CPUs x   1 job      4 GB    4 CPUs  (overlap detection)
-- Local: utgovl     4 GB    4 CPUs x   1 job      4 GB    4 CPUs  (overlap detection)
-- Local: ovb        4 GB    1 CPU  x   4 jobs    16 GB    4 CPUs  (overlap store bucketizer)
-- Local: ovs        8 GB    1 CPU  x   4 jobs    32 GB    4 CPUs  (overlap store sorting)
-- Local: red        8 GB    4 CPUs x   1 job      8 GB    4 CPUs  (read error detection)
-- Local: oea        4 GB    1 CPU  x   4 jobs    16 GB    4 CPUs  (overlap error adjustment)
-- Local: bat       16 GB    4 CPUs x   1 job     16 GB    4 CPUs  (contig construction with bogart)
-- Local: gfa        8 GB    4 CPUs x   1 job      8 GB    4 CPUs  (GFA alignment and processing)
--
-- In 'canu_scaffold_06.seqStore', found PacBio reads:
--   Raw:        266898
--   Corrected:  183768
--   Trimmed:    176149
--
-- Generating assembly 'canu_scaffold_06' in '/crex/proj/genomeanalysis2023/nobackup/work/liek_canu/canu_pacbio_06'
--
-- Parameters:
--
--  genomeSize        37000000
--
--  Overlap Generation Limits:
--    corOvlErrorRate 0.2400 ( 24.00%)
--    obtOvlErrorRate 0.0450 (  4.50%)
--    utgOvlErrorRate 0.0450 (  4.50%)
--
--  Overlap Processing Limits:
--    corErrorRate    0.3000 ( 30.00%)
--    obtErrorRate    0.0450 (  4.50%)
--    utgErrorRate    0.0450 (  4.50%)
--    cnsErrorRate    0.0750 (  7.50%)
--
--
-- BEGIN ASSEMBLY
--
--
-- Running jobs.  First attempt out of 2.
----------------------------------------
-- Starting 'utgovl' concurrent execution on Fri Apr 14 07:18:40 2023 with 2153964.495 GB free disk space (17 processes; 1 concurrently)

    cd unitigging/1-overlapper
    ./overlap.sh 4 > ./overlap.000004.out 2>&1
